<?xml version="1.0" encoding="UTF-8" standalone="no"?>
<testsuite failures="0" name="cucumber.runtime.formatter.JUnitFormatter" skipped="0" tests="1" time="30.744954">
<testcase classname="End to End test" name="" time="30.744954">
<system-out><![CDATA[Given user is in login page.................................................passed
When page title is Swag Labs................................................passed
Then user enter username and password.......................................passed
And user click on log in button.............................................passed
When user is on Home Page...................................................passed
Then user click on item.....................................................passed
Then user click on cart.....................................................passed
And user click on checkout..................................................passed
Then user enters firstname and lastname and zip.............................passed
Then user click on continue.................................................passed
When user is on payment page................................................passed
Then user click on finish...................................................passed
And user opt out............................................................passed
Then close browser..........................................................passed
]]></system-out>
</testcase>
</testsuite>
